<?xml version="1.0" encoding="UTF-8"?>
<!-- Generated by org.testng.reporters.JUnitXMLReporter -->
<testsuite ignored="0" hostname="LIN51014986" failures="0" tests="4" name="Default test" time="7.167" errors="0" timestamp="2024-03-09T20:03:23 IST">
  <testcase classname="com.spotify.tests.PlaylistTest" name="createPlayList" time="5.788"/>
  <testcase classname="com.spotify.tests.PlaylistTest" name="getAPlaylist" time="0.618"/>
  <testcase classname="com.spotify.tests.PlaylistTest" name="updatePlaylist" time="0.493"/>
  <testcase classname="com.spotify.tests.PlaylistTest" name="shouldNotBeAbleToCreatePlaylist" time="0.192"/>
</testsuite> <!-- Default test -->
