<?xml version="1.0" encoding="UTF-8"?>
<!-- Generated by org.testng.reporters.JUnitXMLReporter -->
<testsuite ignored="0" hostname="LIN51014986" failures="0" tests="4" name="Test" time="7.677" errors="0" timestamp="2024-03-09T20:28:06 IST">
  <testcase classname="com.spotify.tests.PlaylistTest" name="createPlayList" time="6.201"/>
  <testcase classname="com.spotify.tests.PlaylistTest" name="getAPlaylist" time="0.581"/>
  <testcase classname="com.spotify.tests.PlaylistTest" name="updatePlaylist" time="0.58"/>
  <testcase classname="com.spotify.tests.PlaylistTest" name="shouldNotBeAbleToCreatePlaylist" time="0.186"/>
</testsuite> <!-- Test -->
