<?xml version="1.0" encoding="UTF-8"?>
<!-- Generated by org.testng.reporters.JUnitXMLReporter -->
<testsuite ignored="0" hostname="DESKTOP-1HB98EJ" failures="0" tests="4" name="Test" time="13.295" errors="0" timestamp="2024-03-10T08:53:24 IST">
  <testcase classname="com.spotify.tests.PlaylistTest" name="createPlayList" time="10.39"/>
  <testcase classname="com.spotify.tests.PlaylistTest" name="getAPlaylist" time="1.052"/>
  <testcase classname="com.spotify.tests.PlaylistTest" name="updatePlaylist" time="1.086"/>
  <testcase classname="com.spotify.tests.PlaylistTest" name="shouldNotBeAbleToCreatePlaylist" time="0.413"/>
</testsuite> <!-- Test -->
