<?xml version="1.0" encoding="UTF-8"?>
<testng-results ignored="0" total="4" passed="4" failed="0" skipped="0">
  <reporter-output>
  </reporter-output>
  <suite started-at="2024-03-09T20:03:15 IST" name="Default suite" finished-at="2024-03-09T20:03:22 IST" duration-ms="7167">
    <groups>
    </groups>
    <test started-at="2024-03-09T20:03:15 IST" name="Default test" finished-at="2024-03-09T20:03:22 IST" duration-ms="7167">
      <class name="com.spotify.tests.PlaylistTest">
        <test-method signature="createPlayList()[pri:1, instance:com.spotify.tests.PlaylistTest@32502377]" started-at="2024-03-09T20:03:15 IST" name="createPlayList" finished-at="2024-03-09T20:03:21 IST" duration-ms="5788" status="PASS">
          <reporter-output>
          </reporter-output>
        </test-method> <!-- createPlayList -->
        <test-method signature="getAPlaylist()[pri:2, instance:com.spotify.tests.PlaylistTest@32502377]" started-at="2024-03-09T20:03:21 IST" name="getAPlaylist" finished-at="2024-03-09T20:03:22 IST" duration-ms="618" status="PASS">
          <reporter-output>
          </reporter-output>
        </test-method> <!-- getAPlaylist -->
        <test-method signature="updatePlaylist()[pri:3, instance:com.spotify.tests.PlaylistTest@32502377]" started-at="2024-03-09T20:03:22 IST" name="updatePlaylist" finished-at="2024-03-09T20:03:22 IST" duration-ms="493" status="PASS">
          <reporter-output>
          </reporter-output>
        </test-method> <!-- updatePlaylist -->
        <test-method signature="shouldNotBeAbleToCreatePlaylist()[pri:4, instance:com.spotify.tests.PlaylistTest@32502377]" started-at="2024-03-09T20:03:22 IST" name="shouldNotBeAbleToCreatePlaylist" finished-at="2024-03-09T20:03:22 IST" duration-ms="192" status="PASS">
          <reporter-output>
          </reporter-output>
        </test-method> <!-- shouldNotBeAbleToCreatePlaylist -->
      </class> <!-- com.spotify.tests.PlaylistTest -->
    </test> <!-- Default test -->
  </suite> <!-- Default suite -->
</testng-results>
