<?xml version="1.0" encoding="UTF-8"?>
<testng-results ignored="0" total="4" passed="4" failed="0" skipped="0">
  <reporter-output>
  </reporter-output>
  <suite started-at="2024-03-10T08:53:11 IST" name="Suite" finished-at="2024-03-10T08:53:24 IST" duration-ms="13295">
    <groups>
    </groups>
    <test started-at="2024-03-10T08:53:11 IST" name="Test" finished-at="2024-03-10T08:53:24 IST" duration-ms="13295">
      <class name="com.spotify.tests.PlaylistTest">
        <test-method signature="createPlayList()[pri:1, instance:com.spotify.tests.PlaylistTest@7fc645e4]" started-at="2024-03-10T08:53:11 IST" name="createPlayList" finished-at="2024-03-10T08:53:21 IST" duration-ms="10390" status="PASS">
          <reporter-output>
          </reporter-output>
        </test-method> <!-- createPlayList -->
        <test-method signature="getAPlaylist()[pri:2, instance:com.spotify.tests.PlaylistTest@7fc645e4]" started-at="2024-03-10T08:53:22 IST" name="getAPlaylist" finished-at="2024-03-10T08:53:23 IST" duration-ms="1052" status="PASS">
          <reporter-output>
          </reporter-output>
        </test-method> <!-- getAPlaylist -->
        <test-method signature="updatePlaylist()[pri:3, instance:com.spotify.tests.PlaylistTest@7fc645e4]" started-at="2024-03-10T08:53:23 IST" name="updatePlaylist" finished-at="2024-03-10T08:53:24 IST" duration-ms="1086" status="PASS">
          <reporter-output>
          </reporter-output>
        </test-method> <!-- updatePlaylist -->
        <test-method signature="shouldNotBeAbleToCreatePlaylist()[pri:4, instance:com.spotify.tests.PlaylistTest@7fc645e4]" started-at="2024-03-10T08:53:24 IST" name="shouldNotBeAbleToCreatePlaylist" finished-at="2024-03-10T08:53:24 IST" duration-ms="413" status="PASS">
          <reporter-output>
          </reporter-output>
        </test-method> <!-- shouldNotBeAbleToCreatePlaylist -->
      </class> <!-- com.spotify.tests.PlaylistTest -->
    </test> <!-- Test -->
  </suite> <!-- Suite -->
</testng-results>
