<?xml version="1.0" encoding="UTF-8"?>
<testsuite xmlns:xsi="http://www.w3.org/2001/XMLSchema-instance" xsi:noNamespaceSchemaLocation="https://maven.apache.org/surefire/maven-surefire-plugin/xsd/surefire-test-report-3.0.xsd" version="3.0" name="TestSuite" time="16.153" tests="4" errors="0" skipped="0" failures="0">
  <properties>
[...]
</properties>
  <testcase name="createPlayList" classname="com.spotify.tests.PlaylistTest" time="10.588">
    <system-out><![CDATA[Request method:	POST
Request URI:	https://api.spotify.com/v1/users/31syxkl6ll54hg3tru43l7izjur4/playlists
Proxy:			<none>
Request params:	<none>
Query params:	<none>
Form params:	<none>
Path params:	<none>
Headers:		Accept=*/*
				Content-Type=application/json
Cookies:		<none>
Multiparts:		<none>
Body:
{
    "description": "This playlist is enerated by Automation",
    "name": "Spotify playlist no 1 ",
    "public": false
}
HTTP/1.1 201 Created
content-type: application/json; charset=utf-8
cache-control: private, max-age=0
x-robots-tag: noindex, nofollow
access-control-allow-origin: *
access-control-allow-headers: Accept, App-Platform, Authorization, Content-Type, Origin, Retry-After, Spotify-App-Version, X-Cloud-Trace-Context, client-token, content-access-token
access-control-allow-methods: GET, POST, OPTIONS, PUT, DELETE, PATCH
access-control-allow-credentials: true
access-control-max-age: 604800
content-encoding: gzip
strict-transport-security: max-age=31536000
x-content-type-options: nosniff
date: Sun, 10 Mar 2024 03:23:21 GMT
server: envoy
Via: HTTP/2 edgeproxy, 1.1 google
Alt-Svc: h3=":443"; ma=2592000,h3-29=":443"; ma=2592000
Transfer-Encoding: chunked

{
    "collaborative": false,
    "description": "This playlist is enerated by Automation",
    "external_urls": {
        "spotify": "https://open.spotify.com/playlist/5ONbPDmHb7Ahd3NezqNJLO"
    },
    "followers": {
        "href": null,
        "total": 0
    },
    "href": "https://api.spotify.com/v1/playlists/5ONbPDmHb7Ahd3NezqNJLO",
    "id": "5ONbPDmHb7Ahd3NezqNJLO",
    "images": [
        
    ],
    "primary_color": null,
    "name": "Spotify playlist no 1 ",
    "type": "playlist",
    "uri": "spotify:playlist:5ONbPDmHb7Ahd3NezqNJLO",
    "owner": {
        "href": "https://api.spotify.com/v1/users/8ea1fe78ba62488d9aa86e1492af59ab",
        "id": "8ea1fe78ba62488d9aa86e1492af59ab",
        "type": "user",
        "uri": "spotify:user:8ea1fe78ba62488d9aa86e1492af59ab",
        "display_name": null,
        "external_urls": {
            "spotify": "https://open.spotify.com/user/8ea1fe78ba62488d9aa86e1492af59ab"
        }
    },
    "public": false,
    "snapshot_id": "ODMsODQwMTk0M2IyNWVhZTA5Y2QyMmRhNDU0YTFlYWQ4NjdiYzkyOTdkNA==",
    "tracks": {
        "limit": 100,
        "next": null,
        "offset": 0,
        "previous": null,
        "href": "https://api.spotify.com/v1/playlists/5ONbPDmHb7Ahd3NezqNJLO/tracks",
        "total": 0,
        "items": [
            
        ]
    }
}
]]></system-out>
    <system-err><![CDATA[SLF4J: Failed to load class "org.slf4j.impl.StaticLoggerBinder".
SLF4J: Defaulting to no-operation (NOP) logger implementation
SLF4J: See http://www.slf4j.org/codes.html#StaticLoggerBinder for further details.
]]></system-err>
  </testcase>
  <testcase name="getAPlaylist" classname="com.spotify.tests.PlaylistTest" time="1.065">
    <system-out><![CDATA[Request method:	GET
Request URI:	https://api.spotify.com/v1/playlists/5ONbPDmHb7Ahd3NezqNJLO
Proxy:			<none>
Request params:	<none>
Query params:	<none>
Form params:	<none>
Path params:	<none>
Headers:		Accept=*/*
				Content-Type=application/json
Cookies:		<none>
Multiparts:		<none>
Body:			<none>
HTTP/1.1 200 OK
content-type: application/json; charset=utf-8
cache-control: public, max-age=0
etag: "MC-IjNhZWQ0ODU1YTE5ODI2YTRiZDczYjFmMGJkYTkwMjI0Ig=="
x-robots-tag: noindex, nofollow
access-control-allow-origin: *
access-control-allow-headers: Accept, App-Platform, Authorization, Content-Type, Origin, Retry-After, Spotify-App-Version, X-Cloud-Trace-Context, client-token, content-access-token
access-control-allow-methods: GET, POST, OPTIONS, PUT, DELETE, PATCH
access-control-allow-credentials: true
access-control-max-age: 604800
content-encoding: gzip
strict-transport-security: max-age=31536000
x-content-type-options: nosniff
date: Sun, 10 Mar 2024 03:23:22 GMT
server: envoy
Via: HTTP/2 edgeproxy, 1.1 google
Alt-Svc: h3=":443"; ma=2592000,h3-29=":443"; ma=2592000
Transfer-Encoding: chunked

{
    "collaborative": false,
    "description": "This playlist is enerated by Automation",
    "external_urls": {
        "spotify": "https://open.spotify.com/playlist/5ONbPDmHb7Ahd3NezqNJLO"
    },
    "followers": {
        "href": null,
        "total": 0
    },
    "href": "https://api.spotify.com/v1/playlists/5ONbPDmHb7Ahd3NezqNJLO",
    "id": "5ONbPDmHb7Ahd3NezqNJLO",
    "images": null,
    "name": "Spotify playlist no 1 ",
    "owner": {
        "display_name": "Shreyas Nirhali",
        "external_urls": {
            "spotify": "https://open.spotify.com/user/31syxkl6ll54hg3tru43l7izjur4"
        },
        "href": "https://api.spotify.com/v1/users/31syxkl6ll54hg3tru43l7izjur4",
        "id": "31syxkl6ll54hg3tru43l7izjur4",
        "type": "user",
        "uri": "spotify:user:31syxkl6ll54hg3tru43l7izjur4"
    },
    "primary_color": null,
    "public": true,
    "snapshot_id": "MSwxM2YzODBkY2ZmN2FjZjhkY2ExZjE2NzVmYTNjZDJhNzRjNTI1MzJj",
    "tracks": {
        "href": "https://api.spotify.com/v1/playlists/5ONbPDmHb7Ahd3NezqNJLO/tracks?offset=0&limit=0",
        "items": [
            
        ],
        "limit": 0,
        "next": null,
        "offset": 0,
        "previous": null,
        "total": 0
    },
    "type": "playlist",
    "uri": "spotify:playlist:5ONbPDmHb7Ahd3NezqNJLO"
}
]]></system-out>
  </testcase>
  <testcase name="updatePlaylist" classname="com.spotify.tests.PlaylistTest" time="1.078">
    <system-out><![CDATA[Request method:	PUT
Request URI:	https://api.spotify.com/v1/playlists/5ONbPDmHb7Ahd3NezqNJLO
Proxy:			<none>
Request params:	<none>
Query params:	<none>
Form params:	<none>
Path params:	<none>
Headers:		Accept=*/*
				Content-Type=application/json
Cookies:		<none>
Multiparts:		<none>
Body:
{
    "description": "This playlist is enerated by Automation",
    "name": "Spotify playlist no 1 updated value",
    "public": false
}
]]></system-out>
  </testcase>
  <testcase name="shouldNotBeAbleToCreatePlaylist" classname="com.spotify.tests.PlaylistTest" time="0.423">
    <system-out><![CDATA[Request method:	POST
Request URI:	https://api.spotify.com/v1/users/31syxkl6ll54hg3tru43l7izjur4/playlists
Proxy:			<none>
Request params:	<none>
Query params:	<none>
Form params:	<none>
Path params:	<none>
Headers:		Accept=*/*
				Content-Type=application/json
Cookies:		<none>
Multiparts:		<none>
Body:
{
    "description": "This playlist is enerated by Automation",
    "name": "Spotify playlist no 1 ",
    "public": false
}
HTTP/1.1 401 Unauthorized
www-authenticate: Bearer realm="spotify", error="invalid_token", error_description="Invalid access token"
access-control-allow-origin: *
access-control-allow-headers: Accept, App-Platform, Authorization, Content-Type, Origin, Retry-After, Spotify-App-Version, X-Cloud-Trace-Context, client-token, content-access-token
access-control-allow-methods: GET, POST, OPTIONS, PUT, DELETE, PATCH
access-control-allow-credentials: true
access-control-max-age: 604800
content-type: application/json
content-encoding: gzip
strict-transport-security: max-age=31536000
x-content-type-options: nosniff
date: Sun, 10 Mar 2024 03:23:24 GMT
server: envoy
Via: HTTP/2 edgeproxy, 1.1 google
Alt-Svc: h3=":443"; ma=2592000,h3-29=":443"; ma=2592000
Transfer-Encoding: chunked

{
    "error": {
        "status": 401,
        "message": "Invalid access token"
    }
}
]]></system-out>
  </testcase>
</testsuite>