<?xml version="1.0" encoding="UTF-8"?>
<testng-results ignored="0" total="4" passed="4" failed="0" skipped="0">
  <reporter-output>
  </reporter-output>
  <suite started-at="2024-03-09T20:27:59 IST" name="Suite" finished-at="2024-03-09T20:28:06 IST" duration-ms="7677">
    <groups>
    </groups>
    <test started-at="2024-03-09T20:27:59 IST" name="Test" finished-at="2024-03-09T20:28:06 IST" duration-ms="7677">
      <class name="com.spotify.tests.PlaylistTest">
        <test-method signature="createPlayList()[pri:1, instance:com.spotify.tests.PlaylistTest@fba92d3]" started-at="2024-03-09T20:27:59 IST" name="createPlayList" finished-at="2024-03-09T20:28:05 IST" duration-ms="6201" status="PASS">
          <reporter-output>
          </reporter-output>
        </test-method> <!-- createPlayList -->
        <test-method signature="getAPlaylist()[pri:2, instance:com.spotify.tests.PlaylistTest@fba92d3]" started-at="2024-03-09T20:28:05 IST" name="getAPlaylist" finished-at="2024-03-09T20:28:06 IST" duration-ms="581" status="PASS">
          <reporter-output>
          </reporter-output>
        </test-method> <!-- getAPlaylist -->
        <test-method signature="updatePlaylist()[pri:3, instance:com.spotify.tests.PlaylistTest@fba92d3]" started-at="2024-03-09T20:28:06 IST" name="updatePlaylist" finished-at="2024-03-09T20:28:06 IST" duration-ms="580" status="PASS">
          <reporter-output>
          </reporter-output>
        </test-method> <!-- updatePlaylist -->
        <test-method signature="shouldNotBeAbleToCreatePlaylist()[pri:4, instance:com.spotify.tests.PlaylistTest@fba92d3]" started-at="2024-03-09T20:28:06 IST" name="shouldNotBeAbleToCreatePlaylist" finished-at="2024-03-09T20:28:06 IST" duration-ms="186" status="PASS">
          <reporter-output>
          </reporter-output>
        </test-method> <!-- shouldNotBeAbleToCreatePlaylist -->
      </class> <!-- com.spotify.tests.PlaylistTest -->
    </test> <!-- Test -->
  </suite> <!-- Suite -->
</testng-results>
